build/app/outputs/mapping/release/mapping.txt
# compiler: R8
# compiler_version: 1.5.64
# min_api: 16
# pg_map_id: b690c68
com.example.demoapp.MainActivity -> com.example.demoapp.MainActivity:
    void configureFlutterEngine(io.flutter.embedding.engine.FlutterEngine) -> a
...
com.google.android.gms.common.api.internal.zak -> com.google.android.gms.common.api.internal.v0:
    boolean zade -> e
    int zadd -> d
    androidx.collection.ArrayMap zaay -> a
    com.google.android.gms.tasks.TaskCompletionSource zadc -> c
    androidx.collection.ArrayMap zadb -> b
    void zaa(com.google.android.gms.common.api.internal.zai,com.google.android.gms.common.ConnectionResult,java.lang.String) -> a
    java.util.Set zap() -> a
com.google.android.gms.common.api.internal.zal -> com.google.android.gms.common.api.internal.w0:
    android.os.Handler zadg -> d
    com.google.android.gms.common.GoogleApiAvailability zacd -> e
    java.util.concurrent.atomic.AtomicReference zadf -> c
    boolean mStarted -> b
    void onActivityResult(int,int,android.content.Intent) -> a
    void onCreate(android.os.Bundle) -> a
    int zaa(com.google.android.gms.common.api.internal.zam) -> a
    void zaa(com.google.android.gms.common.ConnectionResult,int) -> a
    void onSaveInstanceState(android.os.Bundle) -> b
    void zab(com.google.android.gms.common.ConnectionResult,int) -> b
    void onStart() -> d
    void onStop() -> e
    void zao() -> f
    void zaq() -> g
com.google.android.gms.common.api.internal.zam -> com.google.android.gms.common.api.internal.x0:
    com.google.android.gms.common.ConnectionResult zadi -> b
    int zadh -> a
    com.google.android.gms.common.ConnectionResult getConnectionResult() -> a
    int zar() -> b
com.google.android.gms.common.api.internal.zan -> com.google.android.gms.common.api.internal.y0:
    com.google.android.gms.common.api.internal.zam zadj -> a
    com.google.android.gms.common.api.internal.zal zadk -> b
com.google.android.gms.common.api.internal.zao -> com.google.android.gms.common.api.internal.z0:
    com.google.android.gms.common.api.internal.zan zadm -> b
    android.app.Dialog zadl -> a
    void zas() -> a
com.google.android.gms.common.api.internal.zap -> com.google.android.gms.common.api.internal.a1:
com.google.android.gms.common.api.internal.zar -> com.google.android.gms.common.api.internal.b1:
com.google.android.gms.common.api.internal.zza -> com.google.android.gms.common.api.internal.c1:
    java.util.Map zzbf -> a
    android.os.Bundle zzbh -> c
    java.util.WeakHashMap zzbe -> d
    int zzbg -> b
    void addCallback(java.lang.String,com.google.android.gms.common.api.internal.LifecycleCallback) -> a
    com.google.android.gms.common.api.internal.LifecycleCallback getCallbackOrNull(java.lang.String,java.lang.Class) -> a
    int zza(com.google.android.gms.common.api.internal.zza) -> a
    com.google.android.gms.common.api.internal.zza zza(android.app.Activity) -> a
    android.app.Activity getLifecycleActivity() -> b
    android.os.Bundle zzb(com.google.android.gms.common.api.internal.zza) -> b
com.google.android.gms.common.api.internal.zzb -> com.google.android.gms.common.api.internal.d1:
    com.google.android.gms.common.api.internal.zza zzbk -> c
    com.google.android.gms.common.api.internal.LifecycleCallback zzbi -> a
    java.lang.String zzbj -> b